{"total": {"lines":{"total":13,"covered":11,"skipped":0,"pct":84.61},"statements":{"total":15,"covered":12,"skipped":0,"pct":80},"functions":{"total":5,"covered":5,"skipped":0,"pct":100},"branches":{"total":16,"covered":13,"skipped":0,"pct":81.25},"branchesTrue":{"total":0,"covered":0,"skipped":0,"pct":"Unknown"}}
,"/home/isaac/projects/PromptSales-Tracker/src/utils/discounts.ts": {"lines":{"total":8,"covered":6,"skipped":0,"pct":75},"functions":{"total":2,"covered":2,"skipped":0,"pct":100},"statements":{"total":8,"covered":6,"skipped":0,"pct":75},"branches":{"total":8,"covered":6,"skipped":0,"pct":75}}
,"/home/isaac/projects/PromptSales-Tracker/src/utils/sales.ts": {"lines":{"total":5,"covered":5,"skipped":0,"pct":100},"functions":{"total":3,"covered":3,"skipped":0,"pct":100},"statements":{"total":7,"covered":6,"skipped":0,"pct":85.71},"branches":{"total":8,"covered":7,"skipped":0,"pct":87.5}}
}
